0 info it worked if it ends with ok
1 verbose cli [ '/home/jacob/.nvm/v0.10.20/bin/node',
1 verbose cli   '/home/jacob/.nvm/v0.10.20/bin/npm',
1 verbose cli   'start' ]
2 info using npm@1.3.11
3 info using node@v0.10.20
4 error Error: ENOENT, open '/home/jacob/src/ActivitI/server/package.json'
5 error If you need help, you may report this log at:
5 error     <http://github.com/isaacs/npm/issues>
5 error or email it to:
5 error     <npm-@googlegroups.com>
6 error System Linux 4.2.0-35-generic
7 error command "/home/jacob/.nvm/v0.10.20/bin/node" "/home/jacob/.nvm/v0.10.20/bin/npm" "start"
8 error cwd /home/jacob/src/ActivitI/server
9 error node -v v0.10.20
10 error npm -v 1.3.11
11 error path /home/jacob/src/ActivitI/server/package.json
12 error code ENOENT
13 error errno 34
14 verbose exit [ 34, true ]
